The system is: Linux - 4.18.0-21-generic - x86_64
Compiling the C compiler identification source file "CMakeCCompilerId.c" succeeded.
Compiler: /usr/bin/cc 
Build flags: 
Id flags:  

The output was:
0


Compilation of the C compiler identification source "CMakeCCompilerId.c" produced "a.out"

The C compiler identification is GNU, found in "/home/dkruger/git/Grail/external/glfw-3.1.2/build/CMakeFiles/3.12.1/CompilerIdC/a.out"

Determining if the C compiler works passed with the following output:
Change Dir: /home/dkruger/git/Grail/external/glfw-3.1.2/build/CMakeFiles/CMakeTmp

Run Build Command:"/usr/bin/make" "cmTC_906d1/fast"
/usr/bin/make -f CMakeFiles/cmTC_906d1.dir/build.make CMakeFiles/cmTC_906d1.dir/build
make[1]: Entering directory '/home/dkruger/git/Grail/external/glfw-3.1.2/build/CMakeFiles/CMakeTmp'
Building C object CMakeFiles/cmTC_906d1.dir/testCCompiler.c.o
/usr/bin/cc    -o CMakeFiles/cmTC_906d1.dir/testCCompiler.c.o   -c /home/dkruger/git/Grail/external/glfw-3.1.2/build/CMakeFiles/CMakeTmp/testCCompiler.c
Linking C executable cmTC_906d1
/usr/bin/cmake -E cmake_link_script CMakeFiles/cmTC_906d1.dir/link.txt --verbose=1
/usr/bin/cc      -rdynamic CMakeFiles/cmTC_906d1.dir/testCCompiler.c.o  -o cmTC_906d1 
make[1]: Leaving directory '/home/dkruger/git/Grail/external/glfw-3.1.2/build/CMakeFiles/CMakeTmp'


Detecting C compiler ABI info compiled with the following output:
Change Dir: /home/dkruger/git/Grail/external/glfw-3.1.2/build/CMakeFiles/CMakeTmp

Run Build Command:"/usr/bin/make" "cmTC_22c58/fast"
/usr/bin/make -f CMakeFiles/cmTC_22c58.dir/build.make CMakeFiles/cmTC_22c58.dir/build
make[1]: Entering directory '/home/dkruger/git/Grail/external/glfw-3.1.2/build/CMakeFiles/CMakeTmp'
Building C object CMakeFiles/cmTC_22c58.dir/CMakeCCompilerABI.c.o
/usr/bin/cc    -o CMakeFiles/cmTC_22c58.dir/CMakeCCompilerABI.c.o   -c /usr/share/cmake-3.12/Modules/CMakeCCompilerABI.c
Linking C executable cmTC_22c58
/usr/bin/cmake -E cmake_link_script CMakeFiles/cmTC_22c58.dir/link.txt --verbose=1
/usr/bin/cc     -v -rdynamic CMakeFiles/cmTC_22c58.dir/CMakeCCompilerABI.c.o  -o cmTC_22c58 
Using built-in specs.
COLLECT_GCC=/usr/bin/cc
COLLECT_LTO_WRAPPER=/usr/lib/gcc/x86_64-linux-gnu/8/lto-wrapper
OFFLOAD_TARGET_NAMES=nvptx-none
OFFLOAD_TARGET_DEFAULT=1
Target: x86_64-linux-gnu
Configured with: ../src/configure -v --with-pkgversion='Ubuntu 8.3.0-6ubuntu1~18.10' --with-bugurl=file:///usr/share/doc/gcc-8/README.Bugs --enable-languages=c,ada,c++,go,brig,d,fortran,objc,obj-c++ --prefix=/usr --with-gcc-major-version-only --program-suffix=-8 --program-prefix=x86_64-linux-gnu- --enable-shared --enable-linker-build-id --libexecdir=/usr/lib --without-included-gettext --enable-threads=posix --libdir=/usr/lib --enable-nls --enable-bootstrap --enable-clocale=gnu --enable-libstdcxx-debug --enable-libstdcxx-time=yes --with-default-libstdcxx-abi=new --enable-gnu-unique-object --disable-vtable-verify --enable-libmpx --enable-plugin --enable-default-pie --with-system-zlib --with-target-system-zlib --enable-objc-gc=auto --enable-multiarch --disable-werror --with-arch-32=i686 --with-abi=m64 --with-multilib-list=m32,m64,mx32 --enable-multilib --with-tune=generic --enable-offload-targets=nvptx-none --without-cuda-driver --enable-checking=release --build=x86_64-linux-gnu --host=x86_64-linux-gnu --target=x86_64-linux-gnu
Thread model: posix
gcc version 8.3.0 (Ubuntu 8.3.0-6ubuntu1~18.10) 
COMPILER_PATH=/usr/lib/gcc/x86_64-linux-gnu/8/:/usr/lib/gcc/x86_64-linux-gnu/8/:/usr/lib/gcc/x86_64-linux-gnu/:/usr/lib/gcc/x86_64-linux-gnu/8/:/usr/lib/gcc/x86_64-linux-gnu/
LIBRARY_PATH=/usr/lib/gcc/x86_64-linux-gnu/8/:/usr/lib/gcc/x86_64-linux-gnu/8/../../../x86_64-linux-gnu/:/usr/lib/gcc/x86_64-linux-gnu/8/../../../../lib/:/lib/x86_64-linux-gnu/:/lib/../lib/:/usr/lib/x86_64-linux-gnu/:/usr/lib/../lib/:/usr/lib/gcc/x86_64-linux-gnu/8/../../../:/lib/:/usr/lib/
COLLECT_GCC_OPTIONS='-v' '-rdynamic' '-o' 'cmTC_22c58' '-mtune=generic' '-march=x86-64'
 /usr/lib/gcc/x86_64-linux-gnu/8/collect2 -plugin /usr/lib/gcc/x86_64-linux-gnu/8/liblto_plugin.so -plugin-opt=/usr/lib/gcc/x86_64-linux-gnu/8/lto-wrapper -plugin-opt=-fresolution=/tmp/ccG88U4l.res -plugin-opt=-pass-through=-lgcc -plugin-opt=-pass-through=-lgcc_s -plugin-opt=-pass-through=-lc -plugin-opt=-pass-through=-lgcc -plugin-opt=-pass-through=-lgcc_s --build-id --eh-frame-hdr -m elf_x86_64 --hash-style=gnu --as-needed -export-dynamic -dynamic-linker /lib64/ld-linux-x86-64.so.2 -pie -z now -z relro -o cmTC_22c58 /usr/lib/gcc/x86_64-linux-gnu/8/../../../x86_64-linux-gnu/Scrt1.o /usr/lib/gcc/x86_64-linux-gnu/8/../../../x86_64-linux-gnu/crti.o /usr/lib/gcc/x86_64-linux-gnu/8/crtbeginS.o -L/usr/lib/gcc/x86_64-linux-gnu/8 -L/usr/lib/gcc/x86_64-linux-gnu/8/../../../x86_64-linux-gnu -L/usr/lib/gcc/x86_64-linux-gnu/8/../../../../lib -L/lib/x86_64-linux-gnu -L/lib/../lib -L/usr/lib/x86_64-linux-gnu -L/usr/lib/../lib -L/usr/lib/gcc/x86_64-linux-gnu/8/../../.. CMakeFiles/cmTC_22c58.dir/CMakeCCompilerABI.c.o -lgcc --push-state --as-needed -lgcc_s --pop-state -lc -lgcc --push-state --as-needed -lgcc_s --pop-state /usr/lib/gcc/x86_64-linux-gnu/8/crtendS.o /usr/lib/gcc/x86_64-linux-gnu/8/../../../x86_64-linux-gnu/crtn.o
COLLECT_GCC_OPTIONS='-v' '-rdynamic' '-o' 'cmTC_22c58' '-mtune=generic' '-march=x86-64'
make[1]: Leaving directory '/home/dkruger/git/Grail/external/glfw-3.1.2/build/CMakeFiles/CMakeTmp'


Parsed C implicit link information from above output:
  link line regex: [^( *|.*[/\])(ld|CMAKE_LINK_STARTFILE-NOTFOUND|([^/\]+-)?ld|collect2)[^/\]*( |$)]
  ignore line: [Change Dir: /home/dkruger/git/Grail/external/glfw-3.1.2/build/CMakeFiles/CMakeTmp]
  ignore line: []
  ignore line: [Run Build Command:"/usr/bin/make" "cmTC_22c58/fast"]
  ignore line: [/usr/bin/make -f CMakeFiles/cmTC_22c58.dir/build.make CMakeFiles/cmTC_22c58.dir/build]
  ignore line: [make[1]: Entering directory '/home/dkruger/git/Grail/external/glfw-3.1.2/build/CMakeFiles/CMakeTmp']
  ignore line: [Building C object CMakeFiles/cmTC_22c58.dir/CMakeCCompilerABI.c.o]
  ignore line: [/usr/bin/cc    -o CMakeFiles/cmTC_22c58.dir/CMakeCCompilerABI.c.o   -c /usr/share/cmake-3.12/Modules/CMakeCCompilerABI.c]
  ignore line: [Linking C executable cmTC_22c58]
  ignore line: [/usr/bin/cmake -E cmake_link_script CMakeFiles/cmTC_22c58.dir/link.txt --verbose=1]
  ignore line: [/usr/bin/cc     -v -rdynamic CMakeFiles/cmTC_22c58.dir/CMakeCCompilerABI.c.o  -o cmTC_22c58 ]
  ignore line: [Using built-in specs.]
  ignore line: [COLLECT_GCC=/usr/bin/cc]
  ignore line: [COLLECT_LTO_WRAPPER=/usr/lib/gcc/x86_64-linux-gnu/8/lto-wrapper]
  ignore line: [OFFLOAD_TARGET_NAMES=nvptx-none]
  ignore line: [OFFLOAD_TARGET_DEFAULT=1]
  ignore line: [Target: x86_64-linux-gnu]
  ignore line: [Configured with: ../src/configure -v --with-pkgversion='Ubuntu 8.3.0-6ubuntu1~18.10' --with-bugurl=file:///usr/share/doc/gcc-8/README.Bugs --enable-languages=c,ada,c++,go,brig,d,fortran,objc,obj-c++ --prefix=/usr --with-gcc-major-version-only --program-suffix=-8 --program-prefix=x86_64-linux-gnu- --enable-shared --enable-linker-build-id --libexecdir=/usr/lib --without-included-gettext --enable-threads=posix --libdir=/usr/lib --enable-nls --enable-bootstrap --enable-clocale=gnu --enable-libstdcxx-debug --enable-libstdcxx-time=yes --with-default-libstdcxx-abi=new --enable-gnu-unique-object --disable-vtable-verify --enable-libmpx --enable-plugin --enable-default-pie --with-system-zlib --with-target-system-zlib --enable-objc-gc=auto --enable-multiarch --disable-werror --with-arch-32=i686 --with-abi=m64 --with-multilib-list=m32,m64,mx32 --enable-multilib --with-tune=generic --enable-offload-targets=nvptx-none --without-cuda-driver --enable-checking=release --build=x86_64-linux-gnu --host=x86_64-linux-gnu --target=x86_64-linux-gnu]
  ignore line: [Thread model: posix]
  ignore line: [gcc version 8.3.0 (Ubuntu 8.3.0-6ubuntu1~18.10) ]
  ignore line: [COMPILER_PATH=/usr/lib/gcc/x86_64-linux-gnu/8/:/usr/lib/gcc/x86_64-linux-gnu/8/:/usr/lib/gcc/x86_64-linux-gnu/:/usr/lib/gcc/x86_64-linux-gnu/8/:/usr/lib/gcc/x86_64-linux-gnu/]
  ignore line: [LIBRARY_PATH=/usr/lib/gcc/x86_64-linux-gnu/8/:/usr/lib/gcc/x86_64-linux-gnu/8/../../../x86_64-linux-gnu/:/usr/lib/gcc/x86_64-linux-gnu/8/../../../../lib/:/lib/x86_64-linux-gnu/:/lib/../lib/:/usr/lib/x86_64-linux-gnu/:/usr/lib/../lib/:/usr/lib/gcc/x86_64-linux-gnu/8/../../../:/lib/:/usr/lib/]
  ignore line: [COLLECT_GCC_OPTIONS='-v' '-rdynamic' '-o' 'cmTC_22c58' '-mtune=generic' '-march=x86-64']
  link line: [ /usr/lib/gcc/x86_64-linux-gnu/8/collect2 -plugin /usr/lib/gcc/x86_64-linux-gnu/8/liblto_plugin.so -plugin-opt=/usr/lib/gcc/x86_64-linux-gnu/8/lto-wrapper -plugin-opt=-fresolution=/tmp/ccG88U4l.res -plugin-opt=-pass-through=-lgcc -plugin-opt=-pass-through=-lgcc_s -plugin-opt=-pass-through=-lc -plugin-opt=-pass-through=-lgcc -plugin-opt=-pass-through=-lgcc_s --build-id --eh-frame-hdr -m elf_x86_64 --hash-style=gnu --as-needed -export-dynamic -dynamic-linker /lib64/ld-linux-x86-64.so.2 -pie -z now -z relro -o cmTC_22c58 /usr/lib/gcc/x86_64-linux-gnu/8/../../../x86_64-linux-gnu/Scrt1.o /usr/lib/gcc/x86_64-linux-gnu/8/../../../x86_64-linux-gnu/crti.o /usr/lib/gcc/x86_64-linux-gnu/8/crtbeginS.o -L/usr/lib/gcc/x86_64-linux-gnu/8 -L/usr/lib/gcc/x86_64-linux-gnu/8/../../../x86_64-linux-gnu -L/usr/lib/gcc/x86_64-linux-gnu/8/../../../../lib -L/lib/x86_64-linux-gnu -L/lib/../lib -L/usr/lib/x86_64-linux-gnu -L/usr/lib/../lib -L/usr/lib/gcc/x86_64-linux-gnu/8/../../.. CMakeFiles/cmTC_22c58.dir/CMakeCCompilerABI.c.o -lgcc --push-state --as-needed -lgcc_s --pop-state -lc -lgcc --push-state --as-needed -lgcc_s --pop-state /usr/lib/gcc/x86_64-linux-gnu/8/crtendS.o /usr/lib/gcc/x86_64-linux-gnu/8/../../../x86_64-linux-gnu/crtn.o]
    arg [/usr/lib/gcc/x86_64-linux-gnu/8/collect2] ==> ignore
    arg [-plugin] ==> ignore
    arg [/usr/lib/gcc/x86_64-linux-gnu/8/liblto_plugin.so] ==> ignore
    arg [-plugin-opt=/usr/lib/gcc/x86_64-linux-gnu/8/lto-wrapper] ==> ignore
    arg [-plugin-opt=-fresolution=/tmp/ccG88U4l.res] ==> ignore
    arg [-plugin-opt=-pass-through=-lgcc] ==> ignore
    arg [-plugin-opt=-pass-through=-lgcc_s] ==> ignore
    arg [-plugin-opt=-pass-through=-lc] ==> ignore
    arg [-plugin-opt=-pass-through=-lgcc] ==> ignore
    arg [-plugin-opt=-pass-through=-lgcc_s] ==> ignore
    arg [--build-id] ==> ignore
    arg [--eh-frame-hdr] ==> ignore
    arg [-m] ==> ignore
    arg [elf_x86_64] ==> ignore
    arg [--hash-style=gnu] ==> ignore
    arg [--as-needed] ==> ignore
    arg [-export-dynamic] ==> ignore
    arg [-dynamic-linker] ==> ignore
    arg [/lib64/ld-linux-x86-64.so.2] ==> ignore
    arg [-pie] ==> ignore
    arg [-znow] ==> ignore
    arg [-zrelro] ==> ignore
    arg [-o] ==> ignore
    arg [cmTC_22c58] ==> ignore
    arg [/usr/lib/gcc/x86_64-linux-gnu/8/../../../x86_64-linux-gnu/Scrt1.o] ==> ignore
    arg [/usr/lib/gcc/x86_64-linux-gnu/8/../../../x86_64-linux-gnu/crti.o] ==> ignore
    arg [/usr/lib/gcc/x86_64-linux-gnu/8/crtbeginS.o] ==> ignore
    arg [-L/usr/lib/gcc/x86_64-linux-gnu/8] ==> dir [/usr/lib/gcc/x86_64-linux-gnu/8]
    arg [-L/usr/lib/gcc/x86_64-linux-gnu/8/../../../x86_64-linux-gnu] ==> dir [/usr/lib/gcc/x86_64-linux-gnu/8/../../../x86_64-linux-gnu]
    arg [-L/usr/lib/gcc/x86_64-linux-gnu/8/../../../../lib] ==> dir [/usr/lib/gcc/x86_64-linux-gnu/8/../../../../lib]
    arg [-L/lib/x86_64-linux-gnu] ==> dir [/lib/x86_64-linux-gnu]
    arg [-L/lib/../lib] ==> dir [/lib/../lib]
    arg [-L/usr/lib/x86_64-linux-gnu] ==> dir [/usr/lib/x86_64-linux-gnu]
    arg [-L/usr/lib/../lib] ==> dir [/usr/lib/../lib]
    arg [-L/usr/lib/gcc/x86_64-linux-gnu/8/../../..] ==> dir [/usr/lib/gcc/x86_64-linux-gnu/8/../../..]
    arg [CMakeFiles/cmTC_22c58.dir/CMakeCCompilerABI.c.o] ==> ignore
    arg [-lgcc] ==> lib [gcc]
    arg [--push-state] ==> ignore
    arg [--as-needed] ==> ignore
    arg [-lgcc_s] ==> lib [gcc_s]
    arg [--pop-state] ==> ignore
    arg [-lc] ==> lib [c]
    arg [-lgcc] ==> lib [gcc]
    arg [--push-state] ==> ignore
    arg [--as-needed] ==> ignore
    arg [-lgcc_s] ==> lib [gcc_s]
    arg [--pop-state] ==> ignore
    arg [/usr/lib/gcc/x86_64-linux-gnu/8/crtendS.o] ==> ignore
    arg [/usr/lib/gcc/x86_64-linux-gnu/8/../../../x86_64-linux-gnu/crtn.o] ==> ignore
  collapse library dir [/usr/lib/gcc/x86_64-linux-gnu/8] ==> [/usr/lib/gcc/x86_64-linux-gnu/8]
  collapse library dir [/usr/lib/gcc/x86_64-linux-gnu/8/../../../x86_64-linux-gnu] ==> [/usr/lib/x86_64-linux-gnu]
  collapse library dir [/usr/lib/gcc/x86_64-linux-gnu/8/../../../../lib] ==> [/usr/lib]
  collapse library dir [/lib/x86_64-linux-gnu] ==> [/lib/x86_64-linux-gnu]
  collapse library dir [/lib/../lib] ==> [/lib]
  collapse library dir [/usr/lib/x86_64-linux-gnu] ==> [/usr/lib/x86_64-linux-gnu]
  collapse library dir [/usr/lib/../lib] ==> [/usr/lib]
  collapse library dir [/usr/lib/gcc/x86_64-linux-gnu/8/../../..] ==> [/usr/lib]
  implicit libs: [gcc;gcc_s;c;gcc;gcc_s]
  implicit dirs: [/usr/lib/gcc/x86_64-linux-gnu/8;/usr/lib/x86_64-linux-gnu;/usr/lib;/lib/x86_64-linux-gnu;/lib]
  implicit fwks: []




Detecting C [-std=c11] compiler features compiled with the following output:
Change Dir: /home/dkruger/git/Grail/external/glfw-3.1.2/build/CMakeFiles/CMakeTmp

Run Build Command:"/usr/bin/make" "cmTC_190ab/fast"
/usr/bin/make -f CMakeFiles/cmTC_190ab.dir/build.make CMakeFiles/cmTC_190ab.dir/build
make[1]: Entering directory '/home/dkruger/git/Grail/external/glfw-3.1.2/build/CMakeFiles/CMakeTmp'
Building C object CMakeFiles/cmTC_190ab.dir/feature_tests.c.o
/usr/bin/cc   -std=c11 -o CMakeFiles/cmTC_190ab.dir/feature_tests.c.o   -c /home/dkruger/git/Grail/external/glfw-3.1.2/build/CMakeFiles/feature_tests.c
Linking C executable cmTC_190ab
/usr/bin/cmake -E cmake_link_script CMakeFiles/cmTC_190ab.dir/link.txt --verbose=1
/usr/bin/cc      -rdynamic CMakeFiles/cmTC_190ab.dir/feature_tests.c.o  -o cmTC_190ab 
make[1]: Leaving directory '/home/dkruger/git/Grail/external/glfw-3.1.2/build/CMakeFiles/CMakeTmp'


    Feature record: C_FEATURE:1c_function_prototypes
    Feature record: C_FEATURE:1c_restrict
    Feature record: C_FEATURE:1c_static_assert
    Feature record: C_FEATURE:1c_variadic_macros


Detecting C [-std=c99] compiler features compiled with the following output:
Change Dir: /home/dkruger/git/Grail/external/glfw-3.1.2/build/CMakeFiles/CMakeTmp

Run Build Command:"/usr/bin/make" "cmTC_7e420/fast"
/usr/bin/make -f CMakeFiles/cmTC_7e420.dir/build.make CMakeFiles/cmTC_7e420.dir/build
make[1]: Entering directory '/home/dkruger/git/Grail/external/glfw-3.1.2/build/CMakeFiles/CMakeTmp'
Building C object CMakeFiles/cmTC_7e420.dir/feature_tests.c.o
/usr/bin/cc   -std=c99 -o CMakeFiles/cmTC_7e420.dir/feature_tests.c.o   -c /home/dkruger/git/Grail/external/glfw-3.1.2/build/CMakeFiles/feature_tests.c
Linking C executable cmTC_7e420
/usr/bin/cmake -E cmake_link_script CMakeFiles/cmTC_7e420.dir/link.txt --verbose=1
/usr/bin/cc      -rdynamic CMakeFiles/cmTC_7e420.dir/feature_tests.c.o  -o cmTC_7e420 
make[1]: Leaving directory '/home/dkruger/git/Grail/external/glfw-3.1.2/build/CMakeFiles/CMakeTmp'


    Feature record: C_FEATURE:1c_function_prototypes
    Feature record: C_FEATURE:1c_restrict
    Feature record: C_FEATURE:0c_static_assert
    Feature record: C_FEATURE:1c_variadic_macros


Detecting C [-std=c90] compiler features compiled with the following output:
Change Dir: /home/dkruger/git/Grail/external/glfw-3.1.2/build/CMakeFiles/CMakeTmp

Run Build Command:"/usr/bin/make" "cmTC_65a28/fast"
/usr/bin/make -f CMakeFiles/cmTC_65a28.dir/build.make CMakeFiles/cmTC_65a28.dir/build
make[1]: Entering directory '/home/dkruger/git/Grail/external/glfw-3.1.2/build/CMakeFiles/CMakeTmp'
Building C object CMakeFiles/cmTC_65a28.dir/feature_tests.c.o
/usr/bin/cc   -std=c90 -o CMakeFiles/cmTC_65a28.dir/feature_tests.c.o   -c /home/dkruger/git/Grail/external/glfw-3.1.2/build/CMakeFiles/feature_tests.c
Linking C executable cmTC_65a28
/usr/bin/cmake -E cmake_link_script CMakeFiles/cmTC_65a28.dir/link.txt --verbose=1
/usr/bin/cc      -rdynamic CMakeFiles/cmTC_65a28.dir/feature_tests.c.o  -o cmTC_65a28 
make[1]: Leaving directory '/home/dkruger/git/Grail/external/glfw-3.1.2/build/CMakeFiles/CMakeTmp'


    Feature record: C_FEATURE:1c_function_prototypes
    Feature record: C_FEATURE:0c_restrict
    Feature record: C_FEATURE:0c_static_assert
    Feature record: C_FEATURE:0c_variadic_macros
Determining if the include file pthread.h exists passed with the following output:
Change Dir: /home/dkruger/git/Grail/external/glfw-3.1.2/build/CMakeFiles/CMakeTmp

Run Build Command:"/usr/bin/make" "cmTC_58e80/fast"
/usr/bin/make -f CMakeFiles/cmTC_58e80.dir/build.make CMakeFiles/cmTC_58e80.dir/build
make[1]: Entering directory '/home/dkruger/git/Grail/external/glfw-3.1.2/build/CMakeFiles/CMakeTmp'
Building C object CMakeFiles/cmTC_58e80.dir/CheckIncludeFile.c.o
/usr/bin/cc    -o CMakeFiles/cmTC_58e80.dir/CheckIncludeFile.c.o   -c /home/dkruger/git/Grail/external/glfw-3.1.2/build/CMakeFiles/CMakeTmp/CheckIncludeFile.c
Linking C executable cmTC_58e80
/usr/bin/cmake -E cmake_link_script CMakeFiles/cmTC_58e80.dir/link.txt --verbose=1
/usr/bin/cc      -rdynamic CMakeFiles/cmTC_58e80.dir/CheckIncludeFile.c.o  -o cmTC_58e80 
make[1]: Leaving directory '/home/dkruger/git/Grail/external/glfw-3.1.2/build/CMakeFiles/CMakeTmp'


Determining if the function pthread_create exists in the pthread passed with the following output:
Change Dir: /home/dkruger/git/Grail/external/glfw-3.1.2/build/CMakeFiles/CMakeTmp

Run Build Command:"/usr/bin/make" "cmTC_bfbea/fast"
/usr/bin/make -f CMakeFiles/cmTC_bfbea.dir/build.make CMakeFiles/cmTC_bfbea.dir/build
make[1]: Entering directory '/home/dkruger/git/Grail/external/glfw-3.1.2/build/CMakeFiles/CMakeTmp'
Building C object CMakeFiles/cmTC_bfbea.dir/CheckFunctionExists.c.o
/usr/bin/cc   -DCHECK_FUNCTION_EXISTS=pthread_create   -o CMakeFiles/cmTC_bfbea.dir/CheckFunctionExists.c.o   -c /usr/share/cmake-3.12/Modules/CheckFunctionExists.c
Linking C executable cmTC_bfbea
/usr/bin/cmake -E cmake_link_script CMakeFiles/cmTC_bfbea.dir/link.txt --verbose=1
/usr/bin/cc  -DCHECK_FUNCTION_EXISTS=pthread_create    -rdynamic CMakeFiles/cmTC_bfbea.dir/CheckFunctionExists.c.o  -o cmTC_bfbea -lpthread 
make[1]: Leaving directory '/home/dkruger/git/Grail/external/glfw-3.1.2/build/CMakeFiles/CMakeTmp'


Determining if the function XOpenDisplay exists in the /usr/lib/x86_64-linux-gnu/libX11.so;/usr/lib/x86_64-linux-gnu/libXext.so passed with the following output:
Change Dir: /home/dkruger/git/Grail/external/glfw-3.1.2/build/CMakeFiles/CMakeTmp

Run Build Command:"/usr/bin/make" "cmTC_ff07e/fast"
/usr/bin/make -f CMakeFiles/cmTC_ff07e.dir/build.make CMakeFiles/cmTC_ff07e.dir/build
make[1]: Entering directory '/home/dkruger/git/Grail/external/glfw-3.1.2/build/CMakeFiles/CMakeTmp'
Building C object CMakeFiles/cmTC_ff07e.dir/CheckFunctionExists.c.o
/usr/bin/cc   -DCHECK_FUNCTION_EXISTS=XOpenDisplay   -o CMakeFiles/cmTC_ff07e.dir/CheckFunctionExists.c.o   -c /usr/share/cmake-3.12/Modules/CheckFunctionExists.c
Linking C executable cmTC_ff07e
/usr/bin/cmake -E cmake_link_script CMakeFiles/cmTC_ff07e.dir/link.txt --verbose=1
/usr/bin/cc  -DCHECK_FUNCTION_EXISTS=XOpenDisplay    -rdynamic CMakeFiles/cmTC_ff07e.dir/CheckFunctionExists.c.o  -o cmTC_ff07e /usr/lib/x86_64-linux-gnu/libX11.so /usr/lib/x86_64-linux-gnu/libXext.so 
make[1]: Leaving directory '/home/dkruger/git/Grail/external/glfw-3.1.2/build/CMakeFiles/CMakeTmp'


Determining if the function gethostbyname exists passed with the following output:
Change Dir: /home/dkruger/git/Grail/external/glfw-3.1.2/build/CMakeFiles/CMakeTmp

Run Build Command:"/usr/bin/make" "cmTC_7010d/fast"
/usr/bin/make -f CMakeFiles/cmTC_7010d.dir/build.make CMakeFiles/cmTC_7010d.dir/build
make[1]: Entering directory '/home/dkruger/git/Grail/external/glfw-3.1.2/build/CMakeFiles/CMakeTmp'
Building C object CMakeFiles/cmTC_7010d.dir/CheckFunctionExists.c.o
/usr/bin/cc   -DCHECK_FUNCTION_EXISTS=gethostbyname   -o CMakeFiles/cmTC_7010d.dir/CheckFunctionExists.c.o   -c /usr/share/cmake-3.12/Modules/CheckFunctionExists.c
Linking C executable cmTC_7010d
/usr/bin/cmake -E cmake_link_script CMakeFiles/cmTC_7010d.dir/link.txt --verbose=1
/usr/bin/cc  -DCHECK_FUNCTION_EXISTS=gethostbyname    -rdynamic CMakeFiles/cmTC_7010d.dir/CheckFunctionExists.c.o  -o cmTC_7010d 
make[1]: Leaving directory '/home/dkruger/git/Grail/external/glfw-3.1.2/build/CMakeFiles/CMakeTmp'


Determining if the function connect exists passed with the following output:
Change Dir: /home/dkruger/git/Grail/external/glfw-3.1.2/build/CMakeFiles/CMakeTmp

Run Build Command:"/usr/bin/make" "cmTC_63f93/fast"
/usr/bin/make -f CMakeFiles/cmTC_63f93.dir/build.make CMakeFiles/cmTC_63f93.dir/build
make[1]: Entering directory '/home/dkruger/git/Grail/external/glfw-3.1.2/build/CMakeFiles/CMakeTmp'
Building C object CMakeFiles/cmTC_63f93.dir/CheckFunctionExists.c.o
/usr/bin/cc   -DCHECK_FUNCTION_EXISTS=connect   -o CMakeFiles/cmTC_63f93.dir/CheckFunctionExists.c.o   -c /usr/share/cmake-3.12/Modules/CheckFunctionExists.c
Linking C executable cmTC_63f93
/usr/bin/cmake -E cmake_link_script CMakeFiles/cmTC_63f93.dir/link.txt --verbose=1
/usr/bin/cc  -DCHECK_FUNCTION_EXISTS=connect    -rdynamic CMakeFiles/cmTC_63f93.dir/CheckFunctionExists.c.o  -o cmTC_63f93 
make[1]: Leaving directory '/home/dkruger/git/Grail/external/glfw-3.1.2/build/CMakeFiles/CMakeTmp'


Determining if the function remove exists passed with the following output:
Change Dir: /home/dkruger/git/Grail/external/glfw-3.1.2/build/CMakeFiles/CMakeTmp

Run Build Command:"/usr/bin/make" "cmTC_dec35/fast"
/usr/bin/make -f CMakeFiles/cmTC_dec35.dir/build.make CMakeFiles/cmTC_dec35.dir/build
make[1]: Entering directory '/home/dkruger/git/Grail/external/glfw-3.1.2/build/CMakeFiles/CMakeTmp'
Building C object CMakeFiles/cmTC_dec35.dir/CheckFunctionExists.c.o
/usr/bin/cc   -DCHECK_FUNCTION_EXISTS=remove   -o CMakeFiles/cmTC_dec35.dir/CheckFunctionExists.c.o   -c /usr/share/cmake-3.12/Modules/CheckFunctionExists.c
Linking C executable cmTC_dec35
/usr/bin/cmake -E cmake_link_script CMakeFiles/cmTC_dec35.dir/link.txt --verbose=1
/usr/bin/cc  -DCHECK_FUNCTION_EXISTS=remove    -rdynamic CMakeFiles/cmTC_dec35.dir/CheckFunctionExists.c.o  -o cmTC_dec35 
make[1]: Leaving directory '/home/dkruger/git/Grail/external/glfw-3.1.2/build/CMakeFiles/CMakeTmp'


Determining if the function shmat exists passed with the following output:
Change Dir: /home/dkruger/git/Grail/external/glfw-3.1.2/build/CMakeFiles/CMakeTmp

Run Build Command:"/usr/bin/make" "cmTC_ab129/fast"
/usr/bin/make -f CMakeFiles/cmTC_ab129.dir/build.make CMakeFiles/cmTC_ab129.dir/build
make[1]: Entering directory '/home/dkruger/git/Grail/external/glfw-3.1.2/build/CMakeFiles/CMakeTmp'
Building C object CMakeFiles/cmTC_ab129.dir/CheckFunctionExists.c.o
/usr/bin/cc   -DCHECK_FUNCTION_EXISTS=shmat   -o CMakeFiles/cmTC_ab129.dir/CheckFunctionExists.c.o   -c /usr/share/cmake-3.12/Modules/CheckFunctionExists.c
Linking C executable cmTC_ab129
/usr/bin/cmake -E cmake_link_script CMakeFiles/cmTC_ab129.dir/link.txt --verbose=1
/usr/bin/cc  -DCHECK_FUNCTION_EXISTS=shmat    -rdynamic CMakeFiles/cmTC_ab129.dir/CheckFunctionExists.c.o  -o cmTC_ab129 
make[1]: Leaving directory '/home/dkruger/git/Grail/external/glfw-3.1.2/build/CMakeFiles/CMakeTmp'


Determining if the function IceConnectionNumber exists in the ICE passed with the following output:
Change Dir: /home/dkruger/git/Grail/external/glfw-3.1.2/build/CMakeFiles/CMakeTmp

Run Build Command:"/usr/bin/make" "cmTC_66822/fast"
/usr/bin/make -f CMakeFiles/cmTC_66822.dir/build.make CMakeFiles/cmTC_66822.dir/build
make[1]: Entering directory '/home/dkruger/git/Grail/external/glfw-3.1.2/build/CMakeFiles/CMakeTmp'
Building C object CMakeFiles/cmTC_66822.dir/CheckFunctionExists.c.o
/usr/bin/cc   -DCHECK_FUNCTION_EXISTS=IceConnectionNumber   -o CMakeFiles/cmTC_66822.dir/CheckFunctionExists.c.o   -c /usr/share/cmake-3.12/Modules/CheckFunctionExists.c
Linking C executable cmTC_66822
/usr/bin/cmake -E cmake_link_script CMakeFiles/cmTC_66822.dir/link.txt --verbose=1
/usr/bin/cc  -DCHECK_FUNCTION_EXISTS=IceConnectionNumber    -rdynamic CMakeFiles/cmTC_66822.dir/CheckFunctionExists.c.o  -o cmTC_66822 -lICE 
make[1]: Leaving directory '/home/dkruger/git/Grail/external/glfw-3.1.2/build/CMakeFiles/CMakeTmp'


